Lenk Help

Help
Responds with this
Args: none

Version
Responds with the current version with 'Lenk Version' following it. With the 'only' argument set it will only respond with the current version.
Args: [only]

Text
Mirrors input
Args: {string}

Blank
Fesponds with a newline
Args: none

Numeric
Evaluates math expressions
Args: {expression}

Clear/Cls
Clears the terminal
Args: none

Quit/Exit
Exits process
Args: none

Set
Creates a variable
Args: {name, value}

Get
Responds with variables content
Args: {variable}

Open
Gets the content of a file
Args: {filepath}

OpenScript
Gets the content of a file and executes it
Args: {filepath}
